build/app/intermediates/manifest_merge_blame_file/release/manifest-merger-blame-release-report.txt
1<?xml version="1.0" encoding="utf-8"?>
2<manifest xmlns:android="http://schemas.android.com/apk/res/android"
3    package="com.example.branches"
4    android:versionCode="1"
5    android:versionName="1.0.0" >
6
7    <uses-sdk
8        android:minSdkVersion="16"
8-->src\main\AndroidManifest.xml
9        android:targetSdkVersion="31" />
9-->src\main\AndroidManifest.xml
10
11    <uses-permission android:name="android.permission.ACCESS_FINE_LOCATION" />
11-->src\main\AndroidManifest.xml:34:4-78
11-->src\main\AndroidManifest.xml:34:21-75
12    <uses-permission android:name="android.permission.ACCESS_COARSE_LOCATION" />
12-->src\main\AndroidManifest.xml:35:4-80
12-->src\main\AndroidManifest.xml:35:21-77
13    <uses-permission android:name="android.permission.INTERNET" />
13-->src\main\AndroidManifest.xml:36:4-66
13-->src\main\AndroidManifest.xml:36:21-63
14    <uses-permission android:name="android.permission.FOREGROUND_SERVICE" />
14-->[:geolocator_android] AndroidManifest.xml:9:5-77
14-->[:geolocator_android] AndroidManifest.xml:9:22-74
15
16    <queries>
16-->[:map_launcher] AndroidManifest.xml:9:5-25:15
17        <package android:name="com.google.android.apps.maps" />
17-->[:map_launcher] AndroidManifest.xml:10:9-64
17-->[:map_launcher] AndroidManifest.xml:10:18-61
18        <package android:name="com.google.android.apps.mapslite" />
18-->[:map_launcher] AndroidManifest.xml:11:9-68
18-->[:map_launcher] AndroidManifest.xml:11:18-65
19        <package android:name="com.autonavi.minimap" />
19-->[:map_launcher] AndroidManifest.xml:12:9-56
19-->[:map_launcher] AndroidManifest.xml:12:18-53
20        <package android:name="com.baidu.BaiduMap" />
20-->[:map_launcher] AndroidManifest.xml:13:9-54
20-->[:map_launcher] AndroidManifest.xml:13:18-51
21        <package android:name="com.waze" />
21-->[:map_launcher] AndroidManifest.xml:14:9-44
21-->[:map_launcher] AndroidManifest.xml:14:18-41
22        <package android:name="ru.yandex.yandexnavi" />
22-->[:map_launcher] AndroidManifest.xml:15:9-56
22-->[:map_launcher] AndroidManifest.xml:15:18-53
23        <package android:name="ru.yandex.yandexmaps" />
23-->[:map_launcher] AndroidManifest.xml:16:9-56
23-->[:map_launcher] AndroidManifest.xml:16:18-53
24        <package android:name="com.citymapper.app.release" />
24-->[:map_launcher] AndroidManifest.xml:17:9-62
24-->[:map_launcher] AndroidManifest.xml:17:18-59
25        <package android:name="com.mapswithme.maps.pro" />
25-->[:map_launcher] AndroidManifest.xml:18:9-59
25-->[:map_launcher] AndroidManifest.xml:18:18-56
26        <package android:name="net.osmand" />
26-->[:map_launcher] AndroidManifest.xml:19:9-46
26-->[:map_launcher] AndroidManifest.xml:19:18-43
27        <package android:name="net.osmand.plus" />
27-->[:map_launcher] AndroidManifest.xml:20:9-51
27-->[:map_launcher] AndroidManifest.xml:20:18-48
28        <package android:name="ru.dublgis.dgismobile" />
28-->[:map_launcher] AndroidManifest.xml:21:9-57
28-->[:map_launcher] AndroidManifest.xml:21:18-54
29        <package android:name="com.tencent.map" />
29-->[:map_launcher] AndroidManifest.xml:22:9-51
29-->[:map_launcher] AndroidManifest.xml:22:18-48
30        <package android:name="com.here.app.maps" />
30-->[:map_launcher] AndroidManifest.xml:23:9-53
30-->[:map_launcher] AndroidManifest.xml:23:18-50
31        <package android:name="com.huawei.maps.app" />
31-->[:map_launcher] AndroidManifest.xml:24:9-55
31-->[:map_launcher] AndroidManifest.xml:24:18-52
32    </queries>
33
34    <uses-permission android:name="android.permission.ACCESS_NETWORK_STATE" />
34-->[:connectivity_plus] AndroidManifest.xml:9:5-79
34-->[:connectivity_plus] AndroidManifest.xml:9:22-76
35
36    <application
37        android:name="android.app.Application"
37-->src\main\AndroidManifest.xml:5:9-42
38        android:appComponentFactory="androidx.core.app.CoreComponentFactory"
38-->[androidx.core:core:1.6.0] AndroidManifest.xml:24:18-86
39        android:icon="@mipmap/ic_launcher"
39-->src\main\AndroidManifest.xml:6:9-43
40        android:label="branches" >
40-->src\main\AndroidManifest.xml:4:9-33
41        <activity
41-->src\main\AndroidManifest.xml:7:9-27:20
42            android:name="com.example.branches.MainActivity"
42-->src\main\AndroidManifest.xml:8:13-41
43            android:configChanges="orientation|keyboardHidden|keyboard|screenSize|smallestScreenSize|locale|layoutDirection|fontScale|screenLayout|density|uiMode"
43-->src\main\AndroidManifest.xml:12:13-163
44            android:exported="true"
44-->src\main\AndroidManifest.xml:9:13-36
45            android:hardwareAccelerated="true"
45-->src\main\AndroidManifest.xml:13:13-47
46            android:launchMode="singleTop"
46-->src\main\AndroidManifest.xml:10:13-43
47            android:theme="@style/LaunchTheme"
47-->src\main\AndroidManifest.xml:11:13-47
48            android:windowSoftInputMode="adjustResize" >
48-->src\main\AndroidManifest.xml:14:13-55
49
50            <!--
51                 Specifies an Android theme to apply to this Activity as soon as
52                 the Android process has started. This theme is visible to the user
53                 while the Flutter UI initializes. After that, this theme continues
54                 to determine the Window background behind the Flutter UI.
55            -->
56            <meta-data
56-->src\main\AndroidManifest.xml:19:13-22:17
57                android:name="io.flutter.embedding.android.NormalTheme"
57-->src\main\AndroidManifest.xml:20:15-70
58                android:resource="@style/NormalTheme" />
58-->src\main\AndroidManifest.xml:21:15-52
59
60            <intent-filter>
60-->src\main\AndroidManifest.xml:23:13-26:29
61                <action android:name="android.intent.action.MAIN" />
61-->src\main\AndroidManifest.xml:24:17-68
61-->src\main\AndroidManifest.xml:24:25-66
62
63                <category android:name="android.intent.category.LAUNCHER" />
63-->src\main\AndroidManifest.xml:25:17-76
63-->src\main\AndroidManifest.xml:25:27-74
64            </intent-filter>
65        </activity>
66        <!--
67             Don't delete the meta-data below.
68             This is used by the Flutter tool to generate GeneratedPluginRegistrant.java
69        -->
70        <meta-data
70-->src\main\AndroidManifest.xml:30:9-32:33
71            android:name="flutterEmbedding"
71-->src\main\AndroidManifest.xml:31:13-44
72            android:value="2" />
72-->src\main\AndroidManifest.xml:32:13-30
73
74        <service
74-->[:geolocator_android] AndroidManifest.xml:12:9-16:56
75            android:name="com.baseflow.geolocator.GeolocatorLocationService"
75-->[:geolocator_android] AndroidManifest.xml:13:13-77
76            android:enabled="true"
76-->[:geolocator_android] AndroidManifest.xml:14:13-35
77            android:exported="false"
77-->[:geolocator_android] AndroidManifest.xml:15:13-37
78            android:foregroundServiceType="location" />
78-->[:geolocator_android] AndroidManifest.xml:16:13-53
79
80        <activity
80-->[:url_launcher_android] AndroidManifest.xml:10:9-13:74
81            android:name="io.flutter.plugins.urllauncher.WebViewActivity"
81-->[:url_launcher_android] AndroidManifest.xml:11:13-74
82            android:exported="false"
82-->[:url_launcher_android] AndroidManifest.xml:12:13-37
83            android:theme="@android:style/Theme.NoTitleBar.Fullscreen" />
83-->[:url_launcher_android] AndroidManifest.xml:13:13-71
84
85        <uses-library
85-->[androidx.window:window:1.0.0-beta04] AndroidManifest.xml:25:9-27:40
86            android:name="androidx.window.extensions"
86-->[androidx.window:window:1.0.0-beta04] AndroidManifest.xml:26:13-54
87            android:required="false" />
87-->[androidx.window:window:1.0.0-beta04] AndroidManifest.xml:27:13-37
88        <uses-library
88-->[androidx.window:window:1.0.0-beta04] AndroidManifest.xml:28:9-30:40
89            android:name="androidx.window.sidecar"
89-->[androidx.window:window:1.0.0-beta04] AndroidManifest.xml:29:13-51
90            android:required="false" />
90-->[androidx.window:window:1.0.0-beta04] AndroidManifest.xml:30:13-37
91
92        <activity
92-->[com.google.android.gms:play-services-base:17.0.0] AndroidManifest.xml:23:9-26:75
93            android:name="com.google.android.gms.common.api.GoogleApiActivity"
93-->[com.google.android.gms:play-services-base:17.0.0] AndroidManifest.xml:24:13-79
94            android:exported="false"
94-->[com.google.android.gms:play-services-base:17.0.0] AndroidManifest.xml:25:13-37
95            android:theme="@android:style/Theme.Translucent.NoTitleBar" />
95-->[com.google.android.gms:play-services-base:17.0.0] AndroidManifest.xml:26:13-72
96
97        <meta-data
97-->[com.google.android.gms:play-services-basement:17.0.0] AndroidManifest.xml:23:9-25:69
98            android:name="com.google.android.gms.version"
98-->[com.google.android.gms:play-services-basement:17.0.0] AndroidManifest.xml:24:13-58
99            android:value="@integer/google_play_services_version" />
99-->[com.google.android.gms:play-services-basement:17.0.0] AndroidManifest.xml:25:13-66
100    </application>
101
102</manifest>